This is pdfTeX, Version 3.141592653-2.6-1.40.24 (TeX Live 2022) (preloaded format=pdflatex 2023.3.9)  10 MAR 2023 08:31
entering extended mode
 restricted \write18 enabled.
 file:line:error style messages enabled.
 %&-line parsing enabled.
**c:/Users/aryan/Documents/yoyok/docs/initialproposal.tex
(c:/Users/aryan/Documents/yoyok/docs/initialproposal.tex
LaTeX2e <2022-11-01> patch level 1
L3 programming layer <2023-02-22> (c:/texlive/2022/texmf-dist/tex/latex/acmconf/acmconf.cls
Document Class: acmconf 2000/05/18 v1.3 ACM Conference Papers
(c:/texlive/2022/texmf-dist/tex/latex/base/article.cls
Document Class: article 2022/07/02 v1.4n Standard LaTeX document class
(c:/texlive/2022/texmf-dist/tex/latex/base/size10.clo
File: size10.clo 2022/07/02 v1.4n Standard LaTeX file (size option)
)
\c@part=\count185
\c@section=\count186
\c@subsection=\count187
\c@subsubsection=\count188
\c@paragraph=\count189
\c@subparagraph=\count190
\c@figure=\count191
\c@table=\count192
\abovecaptionskip=\skip48
\belowcaptionskip=\skip49
\bibindent=\dimen140
) (c:/texlive/2022/texmf-dist/tex/latex/sttools/flushend.sty
Package: flushend 2021/10/04 v4.0 Balancing columns in twocolumn mode
\flushend@@lastskip@a=\skip50
\flushend@@lastskip@b=\skip51
\flushend@@lastnode=\count193
\var@@loop@iter=\count194
\var@@temp@spread=\dimen141
\var@@temp@a=\dimen142
\var@@temp@loop=\dimen143
\flushend@@page@rule=\dimen144
\flushend@@varbox@lastpage=\box51
\flushend@@varbox@a=\box52
\flushend@@varbox@c=\box53
\flushend@@tempbox@a=\box54
\flushend@@tempbox@c=\box55
\flushend@@floatbox=\box56
\@viper=\box57
\hold@viper=\box58
\atColsBreak=\toks16
\atColsEnd=\toks17
\oldbreak@skip=\dimen145
)
\c@subsubsubsection=\count195
\c@subsubsubsubsection=\count196

**** Published in proceedings ****
) (c:/texlive/2022/texmf-dist/tex/latex/l3backend/l3backend-pdftex.def
File: l3backend-pdftex.def 2023-01-16 L3 backend support: PDF output (pdfTeX)
\l__color_backend_stack_int=\count197
\l__pdf_internal_box=\box59
) (build/initialproposal.aux)
\openout1 = `initialproposal.aux'.

LaTeX Font Info:    Checking defaults for OML/cmm/m/it on input line 7.
LaTeX Font Info:    ... okay on input line 7.
LaTeX Font Info:    Checking defaults for OMS/cmsy/m/n on input line 7.
LaTeX Font Info:    ... okay on input line 7.
LaTeX Font Info:    Checking defaults for OT1/cmr/m/n on input line 7.
LaTeX Font Info:    ... okay on input line 7.
LaTeX Font Info:    Checking defaults for T1/cmr/m/n on input line 7.
LaTeX Font Info:    ... okay on input line 7.
LaTeX Font Info:    Checking defaults for TS1/cmr/m/n on input line 7.
LaTeX Font Info:    ... okay on input line 7.
LaTeX Font Info:    Checking defaults for OMX/cmex/m/n on input line 7.
LaTeX Font Info:    ... okay on input line 7.
LaTeX Font Info:    Checking defaults for U/cmr/m/n on input line 7.
LaTeX Font Info:    ... okay on input line 7.
LaTeX Font Info:    External font `cmex10' loaded for size
(Font)              <9> on input line 14.
LaTeX Font Info:    External font `cmex10' loaded for size
(Font)              <6> on input line 14.
LaTeX Font Info:    External font `cmex10' loaded for size
(Font)              <5> on input line 14.

Underfull \hbox (badness 10000) in paragraph at lines 14--14

 []

[1{c:/texlive/2022/texmf-var/fonts/map/pdftex/updmap/pdftex.map}


]
Underfull \hbox (badness 1057) in paragraph at lines 30--35
\OT1/cmr/m/n/9 Phillip Wadler [[]] in-tro-duced the idea of lin-ear types
 []


Underfull \hbox (badness 10000) in paragraph at lines 30--35

 []


Underfull \hbox (badness 1173) in paragraph at lines 39--40
\OT1/cmr/m/n/9 ory and Sound-ness of Corou-tines with Snap-shots".
 []


Underfull \hbox (badness 6380) in paragraph at lines 41--42
\OT1/cmr/m/n/9 The Sound-ness Of Corou-tines With Snap-shots".
 []


Underfull \hbox (badness 10000) in paragraph at lines 43--44
\OT1/cmr/m/n/9 world!". https://cs.ioc.ee/ewscs/2010/mycroft/linear-
 []

[leftcolumn badness]: 1000000 on 16.0pt
[rightcolumn badness]: 1000000 on 16.0pt
[leftcolumn badness]: 1000000 on 16.0pt
[rightcolumn badness]: 1000000 on 16.0pt
- LAST -
Extra skip:0.0pt
Left:305.07498pt/1.75pt
Right:299.47498pt/1.75pt
Split: 305.17497pt
Output:305.17497pt
Pageshrink: 0.0pt
Pagestretch: 0.0pt
@colht:668.4975pt
FLUSHEND [output]: 305.17497pt
FLUSHEND [leftcolumn badness]: 0
FUSHEND [rightcolumn badness]: 0
[2] (build/initialproposal.aux) ) 
Here is how much of TeX's memory you used:
 679 strings out of 477941
 12987 string characters out of 5838517
 1863382 words of memory out of 5000000
 20941 multiletter control sequences out of 15000+600000
 516566 words of font info for 46 fonts, out of 8000000 for 9000
 36 hyphenation exceptions out of 8191
 48i,11n,52p,561b,312s stack positions out of 10000i,1000n,20000p,200000b,200000s
<c:/texlive/2022/texmf-dist/fonts/type1/public/amsfonts/cm/cmbx12.pfb><c:/texlive/2022/texmf-dist/fonts/type1/public/amsfonts/cm/cmr9.pfb><c:/texlive/2022/texmf-dist/fonts/type1/public/amsfonts/cm/cmss10.pfb><c:/texlive/2022/texmf-dist/fonts/type1/public/amsfonts/cm/cmss12.pfb><c:/texlive/2022/texmf-dist/fonts/type1/public/amsfonts/cm/cmssbx10.pfb><c:/texlive/2022/texmf-dist/fonts/type1/public/amsfonts/cm/cmti9.pfb>
Output written on build/initialproposal.pdf (2 pages, 80309 bytes).
PDF statistics:
 41 PDF objects out of 1000 (max. 8388607)
 24 compressed objects within 1 object stream
 0 named destinations out of 1000 (max. 500000)
 1 words of extra memory for PDF output out of 10000 (max. 10000000)

